# JRE version: Java(TM) SE Runtime Environment (8.0_211-b12) (build 1.8.0_211-b12)
# Java VM: Java HotSpot(TM) Client VM (25.211-b12 mixed mode linux-x86 )
Heap:
 def new generation   total 7104K, used 4637K [0xa4c00000, 0xa53b0000, 0xaa150000)
  eden space 6336K,  64% used [0xa4c00000, 0xa4ffb908, 0xa5230000)
  from space 768K,  72% used [0xa52f0000, 0xa537bee0, 0xa53b0000)
  to   space 768K,   0% used [0xa5230000, 0xa5230000, 0xa52f0000)
 tenured generation   total 15620K, used 9369K [0xaa150000, 0xab091000, 0xb4c00000)
   the space 15620K,  59% used [0xaa150000, 0xaaa767d8, 0xaaa76800, 0xab091000)
 Metaspace       used 12818K, capacity 13422K, committed 13464K, reserved 13616K
GC Heap History (10 events):
Event: 4,363 GC heap before
{Heap before GC invocations=5 (full 0):
 def new generation   total 4928K, used 4803K [0xa4c00000, 0xa5150000, 0xaa150000)
  eden space 4416K, 100% used [0xa4c00000, 0xa5050000, 0xa5050000)
  from space 512K,  75% used [0xa50d0000, 0xa5130cf0, 0xa5150000)
  to   space 512K,   0% used [0xa5050000, 0xa5050000, 0xa50d0000)
 tenured generation   total 10944K, used 4436K [0xaa150000, 0xaac00000, 0xb4c00000)
   the space 10944K,  40% used [0xaa150000, 0xaa5a5198, 0xaa5a5200, 0xaac00000)
 Metaspace       used 9665K, capacity 10198K, committed 10264K, reserved 10544K
Event: 4,372 GC heap after
Heap after GC invocations=6 (full 0):
 def new generation   total 4928K, used 512K [0xa4c00000, 0xa5150000, 0xaa150000)
  eden space 4416K,   0% used [0xa4c00000, 0xa4c00000, 0xa5050000)
  from space 512K, 100% used [0xa5050000, 0xa50d0000, 0xa50d0000)
  to   space 512K,   0% used [0xa50d0000, 0xa50d0000, 0xa5150000)
 tenured generation   total 10944K, used 4802K [0xaa150000, 0xaac00000, 0xb4c00000)
   the space 10944K,  43% used [0xaa150000, 0xaa600bd0, 0xaa600c00, 0xaac00000)
 Metaspace       used 9665K, capacity 10198K, committed 10264K, reserved 10544K
}
Event: 4,981 GC heap before
{Heap before GC invocations=6 (full 0):
 def new generation   total 4928K, used 4928K [0xa4c00000, 0xa5150000, 0xaa150000)
  eden space 4416K, 100% used [0xa4c00000, 0xa5050000, 0xa5050000)
  from space 512K, 100% used [0xa5050000, 0xa50d0000, 0xa50d0000)
  to   space 512K,   0% used [0xa50d0000, 0xa50d0000, 0xa5150000)
 tenured generation   total 10944K, used 4802K [0xaa150000, 0xaac00000, 0xb4c00000)
   the space 10944K,  43% used [0xaa150000, 0xaa600bd0, 0xaa600c00, 0xaac00000)
 Metaspace       used 10149K, capacity 10710K, committed 10776K, reserved 11568K
Event: 4,994 GC heap after
Heap after GC invocations=7 (full 0):
 def new generation   total 4928K, used 499K [0xa4c00000, 0xa5150000, 0xaa150000)
  eden space 4416K,   0% used [0xa4c00000, 0xa4c00000, 0xa5050000)
  from space 512K,  97% used [0xa50d0000, 0xa514ce88, 0xa5150000)
  to   space 512K,   0% used [0xa5050000, 0xa5050000, 0xa50d0000)
 tenured generation   total 10944K, used 7652K [0xaa150000, 0xaac00000, 0xb4c00000)
   the space 10944K,  69% used [0xaa150000, 0xaa8c9070, 0xaa8c9200, 0xaac00000)
 Metaspace       used 10149K, capacity 10710K, committed 10776K, reserved 11568K
}
Event: 6,573 GC heap before
{Heap before GC invocations=7 (full 0):
 def new generation   total 4928K, used 4915K [0xa4c00000, 0xa5150000, 0xaa150000)
  eden space 4416K, 100% used [0xa4c00000, 0xa5050000, 0xa5050000)
  from space 512K,  97% used [0xa50d0000, 0xa514ce88, 0xa5150000)
  to   space 512K,   0% used [0xa5050000, 0xa5050000, 0xa50d0000)
 tenured generation   total 10944K, used 7652K [0xaa150000, 0xaac00000, 0xb4c00000)
   the space 10944K,  69% used [0xaa150000, 0xaa8c9070, 0xaa8c9200, 0xaac00000)
 Metaspace       used 11571K, capacity 12121K, committed 12184K, reserved 12592K
Event: 6,584 GC heap after
Heap after GC invocations=8 (full 0):
 def new generation   total 4928K, used 512K [0xa4c00000, 0xa5150000, 0xaa150000)
  eden space 4416K,   0% used [0xa4c00000, 0xa4c00000, 0xa5050000)
  from space 512K, 100% used [0xa5050000, 0xa50d0000, 0xa50d0000)
  to   space 512K,   0% used [0xa50d0000, 0xa50d0000, 0xa5150000)
 tenured generation   total 10944K, used 8707K [0xaa150000, 0xaac00000, 0xb4c00000)
   the space 10944K,  79% used [0xaa150000, 0xaa9d0cc0, 0xaa9d0e00, 0xaac00000)
 Metaspace       used 11571K, capacity 12121K, committed 12184K, reserved 12592K
}
Event: 6,660 GC heap before
{Heap before GC invocations=8 (full 0):
 def new generation   total 4928K, used 1133K [0xa4c00000, 0xa5150000, 0xaa150000)
  eden space 4416K,  14% used [0xa4c00000, 0xa4c9b768, 0xa5050000)
  from space 512K, 100% used [0xa5050000, 0xa50d0000, 0xa50d0000)
  to   space 512K,   0% used [0xa50d0000, 0xa50d0000, 0xa5150000)
 tenured generation   total 10944K, used 8707K [0xaa150000, 0xaac00000, 0xb4c00000)
   the space 10944K,  79% used [0xaa150000, 0xaa9d0cc0, 0xaa9d0e00, 0xaac00000)
 Metaspace       used 11726K, capacity 12281K, committed 12288K, reserved 12592K
Event: 6,723 GC heap after
Heap after GC invocations=9 (full 1):
 def new generation   total 7104K, used 0K [0xa4c00000, 0xa53b0000, 0xaa150000)
  eden space 6336K,   0% used [0xa4c00000, 0xa4c00000, 0xa5230000)
  from space 768K,   0% used [0xa5230000, 0xa5230000, 0xa52f0000)
  to   space 768K,   0% used [0xa52f0000, 0xa52f0000, 0xa53b0000)
 tenured generation   total 15620K, used 9369K [0xaa150000, 0xab091000, 0xb4c00000)
   the space 15620K,  59% used [0xaa150000, 0xaaa767d8, 0xaaa76800, 0xab091000)
 Metaspace       used 11726K, capacity 12281K, committed 12288K, reserved 12592K
}
Event: 12,972 GC heap before
{Heap before GC invocations=9 (full 1):
 def new generation   total 7104K, used 6336K [0xa4c00000, 0xa53b0000, 0xaa150000)
  eden space 6336K, 100% used [0xa4c00000, 0xa5230000, 0xa5230000)
  from space 768K,   0% used [0xa5230000, 0xa5230000, 0xa52f0000)
  to   space 768K,   0% used [0xa52f0000, 0xa52f0000, 0xa53b0000)
 tenured generation   total 15620K, used 9369K [0xaa150000, 0xab091000, 0xb4c00000)
   the space 15620K,  59% used [0xaa150000, 0xaaa767d8, 0xaaa76800, 0xab091000)
 Metaspace       used 12599K, capacity 13156K, committed 13208K, reserved 13616K
Event: 12,979 GC heap after
Heap after GC invocations=10 (full 1):
 def new generation   total 7104K, used 559K [0xa4c00000, 0xa53b0000, 0xaa150000)
  eden space 6336K,   0% used [0xa4c00000, 0xa4c00000, 0xa5230000)
  from space 768K,  72% used [0xa52f0000, 0xa537bee0, 0xa53b0000)
  to   space 768K,   0% used [0xa5230000, 0xa5230000, 0xa52f0000)
 tenured generation   total 15620K, used 9369K [0xaa150000, 0xab091000, 0xb4c00000)
   the space 15620K,  59% used [0xaa150000, 0xaaa767d8, 0xaaa76800, 0xab091000)
 Metaspace       used 12599K, capacity 13156K, committed 13208K, reserved 13616K
}

